<?xml version="1.0" encoding="utf-8"?><testsuites name="pytest tests"><testsuite name="pytest" errors="0" failures="0" skipped="0" tests="13" time="1.342" timestamp="2026-06-19T16:01:04.284563+00:00" hostname="agent-env-f51df634-8d3e-4c2e-b681-3854616a314f"><testcase classname="backend.tests.test_atlas_api" name="test_system_health" time="0.244" /><testcase classname="backend.tests.test_atlas_api" name="test_kpis" time="0.043" /><testcase classname="backend.tests.test_atlas_api" name="test_accounts_list" time="0.049" /><testcase classname="backend.tests.test_atlas_api" name="test_account_detail" time="0.046" /><testcase classname="backend.tests.test_atlas_api" name="test_account_detail_not_found" time="0.042" /><testcase classname="backend.tests.test_atlas_api" name="test_equity_series" time="0.048" /><testcase classname="backend.tests.test_atlas_api" name="test_drawdown_series" time="0.050" /><testcase classname="backend.tests.test_atlas_api" name="test_trades_list" time="0.052" /><testcase classname="backend.tests.test_atlas_api" name="test_alerts_list_and_ack" time="0.134" /><testcase classname="backend.tests.test_atlas_api" name="test_alert_ack_not_found" time="0.046" /><testcase classname="backend.tests.test_atlas_api" name="test_kill_switch_toggle" time="0.137" /><testcase classname="backend.tests.test_atlas_api" name="test_update_risk_limits" time="0.107" /><testcase classname="backend.tests.test_atlas_api" name="test_sim_tick" time="0.144" /></testsuite></testsuites>